100,0.04999437928199768,0.1108318567276001,0.1027684137225151,0.12167950719594955,0.1070922315120697,0.045134659856557846,0.013968867249786854
200,0.049999337643384933,0.09812626242637634,0.08783084899187088,0.10907213389873505,0.09616833180189133,0.04402460157871246,0.010352612473070621
300,0.049999602138996124,0.08971886336803436,0.0836162120103836,0.09734711050987244,0.08760492503643036,0.05431664362549782,0.010888260789215565
400,0.05000103637576103,0.09174986928701401,0.08484681695699692,0.10011544078588486,0.08957662433385849,0.05030212178826332,0.00798014085739851
500,0.050002869218587875,0.09408099204301834,0.08733503520488739,0.10172861814498901,0.09258874505758286,0.04769524186849594,0.006499310024082661
600,0.050004005432128906,0.08309965580701828,0.07799208909273148,0.08943377435207367,0.08145049214363098,0.050622254610061646,0.006595092825591564
700,0.04999653622508049,0.08590249717235565,0.08075027912855148,0.09337828308343887,0.08302465826272964,0.048594314604997635,0.006459275726228952
800,0.04999981448054314,0.1000477522611618,0.08905519545078278,0.11442841589450836,0.09470275789499283,0.051392048597335815,0.03208310157060623
900,0.05000138655304909,0.16490544378757477,0.1445673257112503,0.18948249518871307,0.15672899782657623,0.05076342821121216,0.027660537511110306
1000,0.05000205338001251,0.14238440990447998,0.12708236277103424,0.16197451949119568,0.13540410995483398,0.04961729422211647,0.023916861042380333

100 0.1027684137225151 0.12167950719594955 0.1070922315120697 0.013968867249786854
200 0.08783084899187088 0.10907213389873505 0.09616833180189133 0.010352612473070621
300 0.0836162120103836 0.09734711050987244 0.08760492503643036 0.010888260789215565
400 0.08484681695699692 0.10011544078588486 0.08957662433385849 0.00798014085739851
500 0.08733503520488739 0.10172861814498901 0.09258874505758286 0.006499310024082661
600 0.07799208909273148 0.08943377435207367 0.08145049214363098 0.006595092825591564
700 0.08075027912855148 0.09337828308343887 0.08302465826272964 0.006459275726228952
800 0.05099805071949959 0.05132720246911049 0.051072049885988235 0.008107212372124195
900 0.050921496003866196 0.05122899264097214 0.051031503826379776 0.007277943193912506
1000 0.050859373062849045 0.05115479230880737 0.05093960464000702 0.006935977842658758

100 0.04999437928199768 0.1108318567276001 0.13085442781448364 0.12318259477615356 0.06366831809282303 0.045134659856557846 0.013968867249786854
200 0.049999337643384933 0.09812626242637634 0.11828833818435669 0.10551927238702774 0.05694308876991272 0.04402460157871246 0.010352612473070621
300 0.049999602138996124 0.08971886336803436 0.10283151268959045 0.09564512968063354 0.06555166840553284 0.05431664362549782 0.010888260789215565
400 0.05000103637576103 0.09174986928701401 0.10612217336893082 0.0992627814412117 0.0627346783876419 0.05030212178826332 0.00798014085739851
500 0.050002869218587875 0.09408099204301834 0.10028617829084396 0.11292435973882675 0.06033622473478317 0.04769524186849594 0.006499310024082661
600 0.050004005432128906 0.08309965580701828 0.0904608890414238 0.09762614220380783 0.05448157712817192 0.050622254610061646 0.006595092825591564
700 0.04999653622508049 0.08590249717235565 0.09741828590631485 0.09856213629245758 0.05355333164334297 0.048594314604997635 0.006459275726228952
800 0.050000838935375214 0.05113297700881958 0.05243060365319252 0.05080102011561394 0.050128936767578125 0.051300857216119766 0.008107212372124195
900 0.050001997500658035 0.051060907542705536 0.05241120234131813 0.0506201833486557 0.05011117085814476 0.050077006220817566 0.007277943193912506
1000 0.05000045895576477 0.05098496004939079 0.052197668701410294 0.05060362443327904 0.050120387226343155 0.04872340336441994 0.006935977842658758

100 0.13085442781448364 0.12318259477615356 0.06366831809282303 0.013968867249786854
200 0.11828833818435669 0.10551927238702774 0.05694308876991272 0.010352612473070621
300 0.10283151268959045 0.09564512968063354 0.06555166840553284 0.010888260789215565
400 0.10612217336893082 0.0992627814412117 0.0627346783876419 0.00798014085739851
500 0.10028617829084396 0.11292435973882675 0.06033622473478317 0.006499310024082661
600 0.0904608890414238 0.09762614220380783 0.05448157712817192 0.006595092825591564
700 0.09741828590631485 0.09856213629245758 0.05355333164334297 0.006459275726228952
800 0.05243060365319252 0.05080102011561394 0.050128936767578125 0.008107212372124195
900 0.05241120234131813 0.0506201833486557 0.05011117085814476 0.007277943193912506
1000 0.052197668701410294 0.05060362443327904 0.050120387226343155 0.006935977842658758
